<?xml version="1.0" encoding="UTF-8"?>
<!-- Generated by org.testng.reporters.JUnitReportReporter -->
<testsuite hostname="DESKTOP-P8U9KDL" failures="0" tests="1" name="travel.Signuppage" time="3.422" errors="0" timestamp="2023-12-21T15:29:31 IST" skipped="0">
  <testcase classname="travel.Signuppage" name="wego" time="3.422"/>
  <system-out/>
</testsuite> <!-- travel.Signuppage -->
