<?xml version="1.0" encoding="UTF-8"?>
<!-- Generated by org.testng.reporters.JUnitReportReporter -->
<testsuite hostname="DESKTOP-P8U9KDL" failures="0" tests="1" name="travel.Datepicker" time="36.835" errors="0" timestamp="2023-12-21T15:25:23 IST" skipped="0">
  <testcase classname="travel.Datepicker" name="datepicker" time="36.835"/>
  <system-out/>
</testsuite> <!-- travel.Datepicker -->
