<?xml version="1.0" encoding="UTF-8"?>
<!-- Generated by org.testng.reporters.JUnitReportReporter -->
<testsuite hostname="DESKTOP-P8U9KDL" failures="0" tests="1" name="travel.Linklist" time="4.745" errors="0" timestamp="2023-12-21T15:27:28 IST" skipped="0">
  <testcase classname="travel.Linklist" name="google" time="4.745"/>
  <system-out/>
</testsuite> <!-- travel.Linklist -->
