<?xml version="1.0" encoding="UTF-8"?>
<!-- Generated by org.testng.reporters.JUnitReportReporter -->
<testsuite hostname="DESKTOP-P8U9KDL" failures="0" tests="1" name="travel.Titileverification" time="0.029" errors="0" timestamp="2023-12-21T15:30:45 IST" skipped="0">
  <testcase classname="travel.Titileverification" name="newtest" time="0.029"/>
  <system-out/>
</testsuite> <!-- travel.Titileverification -->
