<?xml version="1.0" encoding="UTF-8"?>
<!-- Generated by org.testng.reporters.JUnitReportReporter -->
<testsuite hostname="DESKTOP-P8U9KDL" failures="0" tests="1" name="travel.Logoverification" time="0.443" errors="0" timestamp="2023-12-21T15:28:23 IST" skipped="0">
  <testcase classname="travel.Logoverification" name="test1" time="0.443"/>
  <system-out/>
</testsuite> <!-- travel.Logoverification -->
